Warning: libpng warning: Interlace handling should be turned on when using png_read_image
Warning: libpng warning: Interlace handling should be turned on when using png_read_image
Warning: libpng warning: Interlace handling should be turned on when using png_read_image
Warning: libpng warning: Interlace handling should be turned on when using png_read_image
Warning: libpng warning: Interlace handling should be turned on when using png_read_image
Warning: QPainter::begin: Paint device returned engine == 0, type: 1
Warning: QPainter::setPen: Painter not active
Warning: QPainter::setBrush: Painter not active
Warning: QPainter::setRenderHint: Painter must be active to set rendering hints
Warning: QPainter::setPen: Painter not active
Warning: libpng warning: Interlace handling should be turned on when using png_read_image
Warning: QColor::setHsv: HSV parameters out of range
Debug: "22:55:10 ..\..\src\eventlayerstackwidget.cpp:1465 CX: Delete Sound" 
Debug: event name = collar
Debug: layer name = layer00
Debug: "22:55:15 ..\..\src\eventlayerstackwidget.cpp:701 CR: Add Sound File(s)" 
Warning: QColor::setHsv: HSV parameters out of range
Debug: "22:55:17 ..\..\src\propertyeditor.cpp:4234 ER: Set Loop Mode" 
Warning: QColor::setHsv: HSV parameters out of range
Debug: "23:04:45 c:\jk\workspace\build__4.44__designer_win\fmod4\tools\fmod_designer\src\eventform.ui.h:1983 CG: Paste Event" 
Debug: "23:04:48 ..\..\src\propertyeditor.cpp:1508 EM: Set Name" 
Warning: QColor::setHsv: HSV parameters out of range
Debug: "23:04:50 ..\..\src\eventlayerstackwidget.cpp:1465 CX: Delete Sound" 
Debug: event name = cattoy
Debug: layer name = layer00
Debug: "23:04:54 ..\..\src\eventlayerstackwidget.cpp:701 CR: Add Sound File(s)" 
Warning: QColor::setHsv: HSV parameters out of range
Debug: "23:05:00 ..\..\src\propertyeditor.cpp:4234 ER: Set Loop Mode" 
Warning: QColor::setHsv: HSV parameters out of range
Warning: QColor::setHsv: HSV parameters out of range
Debug: event name = cattoy
Debug: "23:05:35 ..\..\src\eventlayerstackwidget.cpp:1099 CS: Add Layer" 
Warning: QColor::setHsv: HSV parameters out of range
Debug: event name = cattoy
Debug: layer name = layer01
Debug: "23:05:37 ..\..\src\eventlayerstackwidget.cpp:701 CR: Add Sound File(s)" 
Warning: QColor::setHsv: HSV parameters out of range
Warning: QColor::setHsv: HSV parameters out of range
Warning: QColor::setHsv: HSV parameters out of range
Debug: "23:05:43 ..\..\src\propertyeditor.cpp:4234 ER: Set Loop Mode" 
Warning: QColor::setHsv: HSV parameters out of range
Debug: "23:05:52 ..\..\src\propertyeditor.cpp:2619 EO: Set Pitch Randomization" 
Debug: "23:06:01 ..\..\src\propertyslider.cpp:315 EV: Set Pitch Randomization" 
Debug: "23:06:01 ..\..\src\propertyslider.cpp:315 EV: Set Pitch Randomization" 
Debug: "23:06:01 ..\..\src\propertyslider.cpp:315 EV: Set Pitch Randomization" 
Debug: "23:06:01 ..\..\src\propertyslider.cpp:315 EV: Set Pitch Randomization" 
Debug: "23:06:01 ..\..\src\propertyslider.cpp:315 EV: Set Pitch Randomization" 
Debug: "23:06:01 ..\..\src\propertyslider.cpp:315 EV: Set Pitch Randomization" 
Debug: "23:06:01 ..\..\src\propertyslider.cpp:315 EV: Set Pitch Randomization" 
Debug: 
Building project 'scotchmintz_characters'...
Debug: Building project D:\SteamLibrary\steamapps\common\Don't Starve Together\mods\Welina-Dev\sound\scotchmintz_characters.fev...
Debug: Unique sound defs 3/25
Debug: Retrieving sound file info...
Debug: Retrieving reverb info...
Debug: FEV file written ok
Debug: Unique Envelope Points: 3 of 4
Debug: Unique Strings: 994 characters of 1005
Debug: Building programmer report D:\SteamLibrary\steamapps\common\Don't Starve Together\mods\Welina-Dev\sound\scotchmintz_characters.txt...
Debug: Caching sound file details for ''...
Debug: welina voice\welina_carol.ogg
Debug: welina voice\welina_death.ogg
Debug: welina voice\welina_emote.ogg
Debug: welina voice\welina_generic1.ogg
Debug: welina voice\welina_generic10.ogg
Debug: welina voice\welina_generic11.ogg
Debug: welina voice\welina_generic2.ogg
Debug: welina voice\welina_generic3.ogg
Debug: welina voice\welina_generic4.ogg
Debug: welina voice\welina_generic5.ogg
Debug: welina voice\welina_generic6.ogg
Debug: welina voice\welina_generic7.ogg
Debug: welina voice\welina_generic8.ogg
Debug: welina voice\welina_generic9.ogg
Debug: welina voice\welina_ghost1.ogg
Debug: welina voice\welina_ghost2.ogg
Debug: welina voice\welina_ghost3.ogg
Debug: welina voice\welina_ghost4.ogg
Debug: welina voice\welina_ghost5.ogg
Debug: welina voice\welina_ghost6.ogg
Debug: welina voice\welina_hurt1.ogg
Debug: welina voice\welina_hurt2.ogg
Debug: welina voice\welina_hurt3.ogg
Debug: welina voice\welina_pose.ogg
Debug: welina voice\welina_sink.ogg
Debug: welina voice\welina_sleepy.ogg
Debug: welina voice\welina_yawn.ogg
Debug: welina\spray.ogg
Debug: Building 'welina.fsb'
Debug: Encoded D:\SteamLibrary\steamapps\common\Don't Starve Together\mods\Welina-Dev\sound\.fmodfiles\welina voice\welina_death.ogg
Debug: Encoded D:\SteamLibrary\steamapps\common\Don't Starve Together\mods\Welina-Dev\sound\.fmodfiles\welina voice\welina_emote.ogg
Debug: Encoded D:\SteamLibrary\steamapps\common\Don't Starve Together\mods\Welina-Dev\sound\.fmodfiles\welina voice\welina_generic1.ogg
Debug: Encoded D:\SteamLibrary\steamapps\common\Don't Starve Together\mods\Welina-Dev\sound\.fmodfiles\welina voice\welina_generic10.ogg
Debug: Encoded D:\SteamLibrary\steamapps\common\Don't Starve Together\mods\Welina-Dev\sound\.fmodfiles\welina voice\welina_generic11.ogg
Debug: Encoded D:\SteamLibrary\steamapps\common\Don't Starve Together\mods\Welina-Dev\sound\.fmodfiles\welina voice\welina_generic2.ogg
Debug: Encoded D:\SteamLibrary\steamapps\common\Don't Starve Together\mods\Welina-Dev\sound\.fmodfiles\welina voice\welina_generic3.ogg
Debug: Encoded D:\SteamLibrary\steamapps\common\Don't Starve Together\mods\Welina-Dev\sound\.fmodfiles\welina voice\welina_generic4.ogg
Debug: Encoded D:\SteamLibrary\steamapps\common\Don't Starve Together\mods\Welina-Dev\sound\.fmodfiles\welina voice\welina_generic5.ogg
Debug: Encoded D:\SteamLibrary\steamapps\common\Don't Starve Together\mods\Welina-Dev\sound\.fmodfiles\welina voice\welina_generic6.ogg
Debug: Encoded D:\SteamLibrary\steamapps\common\Don't Starve Together\mods\Welina-Dev\sound\.fmodfiles\welina voice\welina_generic7.ogg
Debug: Encoded D:\SteamLibrary\steamapps\common\Don't Starve Together\mods\Welina-Dev\sound\.fmodfiles\welina voice\welina_generic8.ogg
Debug: Encoded D:\SteamLibrary\steamapps\common\Don't Starve Together\mods\Welina-Dev\sound\.fmodfiles\welina voice\welina_generic9.ogg
Debug: Encoded D:\SteamLibrary\steamapps\common\Don't Starve Together\mods\Welina-Dev\sound\.fmodfiles\welina voice\welina_ghost1.ogg
Debug: Encoded D:\SteamLibrary\steamapps\common\Don't Starve Together\mods\Welina-Dev\sound\.fmodfiles\welina voice\welina_ghost2.ogg
Debug: Encoded D:\SteamLibrary\steamapps\common\Don't Starve Together\mods\Welina-Dev\sound\.fmodfiles\welina voice\welina_carol.ogg
Debug: Encoded D:\SteamLibrary\steamapps\common\Don't Starve Together\mods\Welina-Dev\sound\.fmodfiles\welina voice\welina_ghost3.ogg
Debug: Encoded D:\SteamLibrary\steamapps\common\Don't Starve Together\mods\Welina-Dev\sound\.fmodfiles\welina voice\welina_ghost4.ogg
Debug: Encoded D:\SteamLibrary\steamapps\common\Don't Starve Together\mods\Welina-Dev\sound\.fmodfiles\welina voice\welina_ghost5.ogg
Debug: Encoded D:\SteamLibrary\steamapps\common\Don't Starve Together\mods\Welina-Dev\sound\.fmodfiles\welina voice\welina_ghost6.ogg
Debug: Encoded D:\SteamLibrary\steamapps\common\Don't Starve Together\mods\Welina-Dev\sound\.fmodfiles\welina voice\welina_hurt1.ogg
Debug: Encoded D:\SteamLibrary\steamapps\common\Don't Starve Together\mods\Welina-Dev\sound\.fmodfiles\welina voice\welina_hurt2.ogg
Debug: Encoded D:\SteamLibrary\steamapps\common\Don't Starve Together\mods\Welina-Dev\sound\.fmodfiles\welina voice\welina_hurt3.ogg
Debug: Encoded D:\SteamLibrary\steamapps\common\Don't Starve Together\mods\Welina-Dev\sound\.fmodfiles\welina voice\welina_pose.ogg
Debug: Encoded D:\SteamLibrary\steamapps\common\Don't Starve Together\mods\Welina-Dev\sound\.fmodfiles\welina voice\welina_sleepy.ogg
Debug: Encoded D:\SteamLibrary\steamapps\common\Don't Starve Together\mods\Welina-Dev\sound\.fmodfiles\welina voice\welina_sink.ogg
Debug: Encoded D:\SteamLibrary\steamapps\common\Don't Starve Together\mods\Welina-Dev\sound\.fmodfiles\welina voice\welina_yawn.ogg
Debug: Encoded D:\SteamLibrary\steamapps\common\Don't Starve Together\mods\Welina-Dev\sound\.fmodfiles\welina\spray.ogg
Debug: Writing FSB...
Debug: Finished building FSB
Debug: Caching sound file details for ''...
Debug: monkeyball\monkeyball-higher.ogg
Debug: welina\welina-ForkInTheRoad.ogg
Debug: Building 'cliff_shenanigans.fsb'
Debug: Encoded D:\SteamLibrary\steamapps\common\Don't Starve Together\mods\Welina-Dev\sound\.fmodfiles\welina\welina-ForkInTheRoad.ogg
Debug: Encoded D:\SteamLibrary\steamapps\common\Don't Starve Together\mods\Welina-Dev\sound\.fmodfiles\monkeyball\monkeyball-higher.ogg
Debug: Writing FSB...
Debug: Finished building FSB
Debug: Caching sound file details for ''...
Debug: welina\welina-bells2.ogg
Debug: welina\welina-finaltoll.ogg
Debug: Building '9lives.fsb'
Debug: Encoded D:\SteamLibrary\steamapps\common\Don't Starve Together\mods\Welina-Dev\sound\.fmodfiles\welina\welina-finaltoll.ogg
Debug: Encoded D:\SteamLibrary\steamapps\common\Don't Starve Together\mods\Welina-Dev\sound\.fmodfiles\welina\welina-bells2.ogg
Debug: Writing FSB...
Debug: Finished building FSB
Debug: Caching sound file details for ''...
Debug: lawnmower\lawnmower-Mower_Loop.ogg
Debug: lawnmower\lawnmower-Mower_Start.ogg
Debug: lawnmower\lawnmower-Mower_Stop.ogg
Debug: monkeyball\monkeyball-dontstarve_shipwreckedSFX-DSS_monkey_ball_bounce_01.ogg
Debug: monkeyball\monkeyball-dontstarve_shipwreckedSFX-DSS_monkey_ball_bounce_02.ogg
Debug: monkeyball\monkeyball-dontstarve_shipwreckedSFX-DSS_monkey_ball_bounce_03.ogg
Debug: monkeyball\monkeyball-dontstarve_shipwreckedSFX-DSS_monkey_ball_bounce_04.ogg
Debug: monkeyball\monkeyball-dontstarve_shipwreckedSFX-DSS_monkey_ball_bounce_05.ogg
Debug: monkeyball\monkeyball-dontstarve_shipwreckedSFX-DSS_monkey_ball_bounce_06.ogg
Debug: monkeyball\monkeyball-dontstarve_shipwreckedSFX-DSS_monkey_ball_bounce_07.ogg
Debug: monkeyball\monkeyball-dontstarve_shipwreckedSFX-DSS_monkey_ball_bounce_08.ogg
Debug: monkeyball\monkeyball-dontstarve_shipwreckedSFX-DSS_monkey_ball_bounce_09.ogg
Debug: monkeyball\monkeyball-dontstarve_shipwreckedSFX-DSS_monkey_ball_bounce_10.ogg
Debug: monkeyball\monkeyball-dontstarve_shipwreckedSFX-DSS_monkey_ball_bounce_11.ogg
Debug: monkeyball\monkeyball-dontstarve_shipwreckedSFX-DSS_monkey_ball_bounce_12.ogg
Debug: monkeyball\monkeyball-dontstarve_shipwreckedSFX-DSS_monkey_ball_bounce_13.ogg
Debug: monkeyball\monkeyball-dontstarve_shipwreckedSFX-DSS_monkey_ball_bounce_14.ogg
Debug: monkeyball\monkeyball-dontstarve_shipwreckedSFX-DSS_monkey_ball_bounce_15.ogg
Debug: monkeyball\monkeyball-dontstarve_shipwreckedSFX-DSS_monkey_ball_bounce_16.ogg
Debug: Building 'cattoy.fsb'
Debug: Encoded D:\SteamLibrary\steamapps\common\Don't Starve Together\mods\Welina-Dev\sound\.fmodfiles\lawnmower\lawnmower-Mower_Start.ogg
Debug: Encoded D:\SteamLibrary\steamapps\common\Don't Starve Together\mods\Welina-Dev\sound\.fmodfiles\lawnmower\lawnmower-Mower_Stop.ogg
Debug: Encoded D:\SteamLibrary\steamapps\common\Don't Starve Together\mods\Welina-Dev\sound\.fmodfiles\monkeyball\monkeyball-dontstarve_shipwreckedSFX-DSS_monkey_ball_bounce_01.ogg
Debug: Encoded D:\SteamLibrary\steamapps\common\Don't Starve Together\mods\Welina-Dev\sound\.fmodfiles\monkeyball\monkeyball-dontstarve_shipwreckedSFX-DSS_monkey_ball_bounce_02.ogg
Debug: Encoded D:\SteamLibrary\steamapps\common\Don't Starve Together\mods\Welina-Dev\sound\.fmodfiles\monkeyball\monkeyball-dontstarve_shipwreckedSFX-DSS_monkey_ball_bounce_03.ogg
Debug: Encoded D:\SteamLibrary\steamapps\common\Don't Starve Together\mods\Welina-Dev\sound\.fmodfiles\monkeyball\monkeyball-dontstarve_shipwreckedSFX-DSS_monkey_ball_bounce_04.ogg
Debug: Encoded D:\SteamLibrary\steamapps\common\Don't Starve Together\mods\Welina-Dev\sound\.fmodfiles\monkeyball\monkeyball-dontstarve_shipwreckedSFX-DSS_monkey_ball_bounce_05.ogg
Debug: Encoded D:\SteamLibrary\steamapps\common\Don't Starve Together\mods\Welina-Dev\sound\.fmodfiles\monkeyball\monkeyball-dontstarve_shipwreckedSFX-DSS_monkey_ball_bounce_06.ogg
Debug: Encoded D:\SteamLibrary\steamapps\common\Don't Starve Together\mods\Welina-Dev\sound\.fmodfiles\monkeyball\monkeyball-dontstarve_shipwreckedSFX-DSS_monkey_ball_bounce_07.ogg
Debug: Encoded D:\SteamLibrary\steamapps\common\Don't Starve Together\mods\Welina-Dev\sound\.fmodfiles\monkeyball\monkeyball-dontstarve_shipwreckedSFX-DSS_monkey_ball_bounce_08.ogg
Debug: Encoded D:\SteamLibrary\steamapps\common\Don't Starve Together\mods\Welina-Dev\sound\.fmodfiles\monkeyball\monkeyball-dontstarve_shipwreckedSFX-DSS_monkey_ball_bounce_09.ogg
Debug: Encoded D:\SteamLibrary\steamapps\common\Don't Starve Together\mods\Welina-Dev\sound\.fmodfiles\monkeyball\monkeyball-dontstarve_shipwreckedSFX-DSS_monkey_ball_bounce_10.ogg
Debug: Encoded D:\SteamLibrary\steamapps\common\Don't Starve Together\mods\Welina-Dev\sound\.fmodfiles\monkeyball\monkeyball-dontstarve_shipwreckedSFX-DSS_monkey_ball_bounce_11.ogg
Debug: Encoded D:\SteamLibrary\steamapps\common\Don't Starve Together\mods\Welina-Dev\sound\.fmodfiles\monkeyball\monkeyball-dontstarve_shipwreckedSFX-DSS_monkey_ball_bounce_12.ogg
Debug: Encoded D:\SteamLibrary\steamapps\common\Don't Starve Together\mods\Welina-Dev\sound\.fmodfiles\monkeyball\monkeyball-dontstarve_shipwreckedSFX-DSS_monkey_ball_bounce_13.ogg
Debug: Encoded D:\SteamLibrary\steamapps\common\Don't Starve Together\mods\Welina-Dev\sound\.fmodfiles\monkeyball\monkeyball-dontstarve_shipwreckedSFX-DSS_monkey_ball_bounce_14.ogg
Debug: Encoded D:\SteamLibrary\steamapps\common\Don't Starve Together\mods\Welina-Dev\sound\.fmodfiles\monkeyball\monkeyball-dontstarve_shipwreckedSFX-DSS_monkey_ball_bounce_15.ogg
Debug: Encoded D:\SteamLibrary\steamapps\common\Don't Starve Together\mods\Welina-Dev\sound\.fmodfiles\monkeyball\monkeyball-dontstarve_shipwreckedSFX-DSS_monkey_ball_bounce_16.ogg
Debug: Encoded D:\SteamLibrary\steamapps\common\Don't Starve Together\mods\Welina-Dev\sound\.fmodfiles\lawnmower\lawnmower-Mower_Loop.ogg
Debug: Writing FSB...
Debug: Finished building FSB
Debug: Caching sound file details for ''...
Debug: picksounds\boeing.wav
Debug: picksounds\collar.wav
Debug: picksounds\dogtags.ogg
Debug: picksounds\glassbottle.ogg
Debug: picksounds\paintcan.ogg
Debug: Building 'pickups.fsb'
Debug: Encoded D:\SteamLibrary\steamapps\common\Don't Starve Together\mods\Welina-Dev\sound\.fmodfiles\picksounds\boeing.wav
Debug: Encoded D:\SteamLibrary\steamapps\common\Don't Starve Together\mods\Welina-Dev\sound\.fmodfiles\picksounds\collar.wav
Debug: Encoded D:\SteamLibrary\steamapps\common\Don't Starve Together\mods\Welina-Dev\sound\.fmodfiles\picksounds\dogtags.ogg
Debug: Encoded D:\SteamLibrary\steamapps\common\Don't Starve Together\mods\Welina-Dev\sound\.fmodfiles\picksounds\glassbottle.ogg
Debug: Encoded D:\SteamLibrary\steamapps\common\Don't Starve Together\mods\Welina-Dev\sound\.fmodfiles\picksounds\paintcan.ogg
Debug: Writing FSB...
Debug: Finished building FSB
Debug: Running post-build commands...
Debug: Running command '"D:\Users\cliff\Desktop\Klei Tools\Sound Tools\FMOD Designer\fmodtable\fmod_table.bat"  "D:\SteamLibrary\steamapps\common\Don't Starve Together\mods\Welina-Dev\sound/scotchmintz_characters.txt"'...
Debug: Success! Parameters are now exported as list values.
Debug: Command '"D:\Users\cliff\Desktop\Klei Tools\Sound Tools\FMOD Designer\fmodtable\fmod_table.bat"  "D:\SteamLibrary\steamapps\common\Don't Starve Together\mods\Welina-Dev\sound/scotchmintz_characters.txt"' completed successfully
Debug: 
Debug: 
Summary of build:
SUCCESS: D:/SteamLibrary/steamapps/common/Don't Starve Together/mods/Welina-Dev/sound/scotchmintz_characters.fev
SUCCESS: D:/SteamLibrary/steamapps/common/Don't Starve Together/mods/Welina-Dev/sound/scotchmintz_characters.txt
SUCCESS: welina.fsb
SUCCESS: cliff_shenanigans.fsb
SUCCESS: 9lives.fsb
SUCCESS: cattoy.fsb
SUCCESS: pickups.fsb
SUCCESS: Post-build commands
Debug: "23:51:12 c:\jk\workspace\build__4.44__designer_win\fmod4\tools\fmod_designer\src\eventform.ui.h:1638 BZ: Add Event Group" 
Debug: "23:51:16 c:\jk\workspace\build__4.44__designer_win\fmod4\tools\fmod_designer\src\eventform.ui.h:1983 CG: Paste Event" 
Warning: QColor::setHsv: HSV parameters out of range
Debug: "23:51:18 ..\..\src\eventlayerstackwidget.cpp:1465 CX: Delete Sound" 
Debug: event name = collar
Debug: layer name = layer00
Debug: "23:51:21 ..\..\src\eventlayerstackwidget.cpp:701 CR: Add Sound File(s)" 
Warning: QColor::setHsv: HSV parameters out of range
Debug: "23:51:38 ..\..\src\propertyeditor.cpp:4234 ER: Set Loop Mode" 
Warning: QColor::setHsv: HSV parameters out of range
Debug: 
Building project 'scotchmintz_characters'...
Debug: Building project D:\SteamLibrary\steamapps\common\Don't Starve Together\mods\Welina-Dev\sound\scotchmintz_characters.fev...
Debug: Unique sound defs 3/26
Debug: Retrieving sound file info...
Debug: Retrieving reverb info...
Debug: FEV file written ok
Debug: Unique Envelope Points: 3 of 4
Debug: Unique Strings: 1015 characters of 1033
Debug: Building programmer report D:\SteamLibrary\steamapps\common\Don't Starve Together\mods\Welina-Dev\sound\scotchmintz_characters.txt...
Debug: Caching sound file details for ''...
Debug: welina voice\welina_carol.ogg
Debug: welina voice\welina_death.ogg
Debug: welina voice\welina_emote.ogg
Debug: welina voice\welina_generic1.ogg
Debug: welina voice\welina_generic10.ogg
Debug: welina voice\welina_generic11.ogg
Debug: welina voice\welina_generic2.ogg
Debug: welina voice\welina_generic3.ogg
Debug: welina voice\welina_generic4.ogg
Debug: welina voice\welina_generic5.ogg
Debug: welina voice\welina_generic6.ogg
Debug: welina voice\welina_generic7.ogg
Debug: welina voice\welina_generic8.ogg
Debug: welina voice\welina_generic9.ogg
Debug: welina voice\welina_ghost1.ogg
Debug: welina voice\welina_ghost2.ogg
Debug: welina voice\welina_ghost3.ogg
Debug: welina voice\welina_ghost4.ogg
Debug: welina voice\welina_ghost5.ogg
Debug: welina voice\welina_ghost6.ogg
Debug: welina voice\welina_hurt1.ogg
Debug: welina voice\welina_hurt2.ogg
Debug: welina voice\welina_hurt3.ogg
Debug: welina voice\welina_pose.ogg
Debug: welina voice\welina_sink.ogg
Debug: welina voice\welina_sleepy.ogg
Debug: welina voice\welina_yawn.ogg
Debug: welina\spray.ogg
Debug: Building 'welina.fsb'
Debug: Encoded D:\SteamLibrary\steamapps\common\Don't Starve Together\mods\Welina-Dev\sound\.fmodfiles\welina voice\welina_death.ogg
Debug: Encoded D:\SteamLibrary\steamapps\common\Don't Starve Together\mods\Welina-Dev\sound\.fmodfiles\welina voice\welina_carol.ogg
Debug: Encoded D:\SteamLibrary\steamapps\common\Don't Starve Together\mods\Welina-Dev\sound\.fmodfiles\welina voice\welina_emote.ogg
Debug: Encoded D:\SteamLibrary\steamapps\common\Don't Starve Together\mods\Welina-Dev\sound\.fmodfiles\welina voice\welina_generic1.ogg
Debug: Encoded D:\SteamLibrary\steamapps\common\Don't Starve Together\mods\Welina-Dev\sound\.fmodfiles\welina voice\welina_generic10.ogg
Debug: Encoded D:\SteamLibrary\steamapps\common\Don't Starve Together\mods\Welina-Dev\sound\.fmodfiles\welina voice\welina_generic11.ogg
Debug: Encoded D:\SteamLibrary\steamapps\common\Don't Starve Together\mods\Welina-Dev\sound\.fmodfiles\welina voice\welina_generic2.ogg
Debug: Encoded D:\SteamLibrary\steamapps\common\Don't Starve Together\mods\Welina-Dev\sound\.fmodfiles\welina voice\welina_generic4.ogg
Debug: Encoded D:\SteamLibrary\steamapps\common\Don't Starve Together\mods\Welina-Dev\sound\.fmodfiles\welina voice\welina_generic3.ogg
Debug: Encoded D:\SteamLibrary\steamapps\common\Don't Starve Together\mods\Welina-Dev\sound\.fmodfiles\welina voice\welina_generic5.ogg
Debug: Encoded D:\SteamLibrary\steamapps\common\Don't Starve Together\mods\Welina-Dev\sound\.fmodfiles\welina voice\welina_generic6.ogg
Debug: Encoded D:\SteamLibrary\steamapps\common\Don't Starve Together\mods\Welina-Dev\sound\.fmodfiles\welina voice\welina_generic7.ogg
Debug: Encoded D:\SteamLibrary\steamapps\common\Don't Starve Together\mods\Welina-Dev\sound\.fmodfiles\welina voice\welina_generic8.ogg
Debug: Encoded D:\SteamLibrary\steamapps\common\Don't Starve Together\mods\Welina-Dev\sound\.fmodfiles\welina voice\welina_ghost1.ogg
Debug: Encoded D:\SteamLibrary\steamapps\common\Don't Starve Together\mods\Welina-Dev\sound\.fmodfiles\welina voice\welina_generic9.ogg
Debug: Encoded D:\SteamLibrary\steamapps\common\Don't Starve Together\mods\Welina-Dev\sound\.fmodfiles\welina voice\welina_ghost2.ogg
Debug: Encoded D:\SteamLibrary\steamapps\common\Don't Starve Together\mods\Welina-Dev\sound\.fmodfiles\welina voice\welina_ghost3.ogg
Debug: Encoded D:\SteamLibrary\steamapps\common\Don't Starve Together\mods\Welina-Dev\sound\.fmodfiles\welina voice\welina_ghost4.ogg
Debug: Encoded D:\SteamLibrary\steamapps\common\Don't Starve Together\mods\Welina-Dev\sound\.fmodfiles\welina voice\welina_ghost5.ogg
Debug: Encoded D:\SteamLibrary\steamapps\common\Don't Starve Together\mods\Welina-Dev\sound\.fmodfiles\welina voice\welina_ghost6.ogg
Debug: Encoded D:\SteamLibrary\steamapps\common\Don't Starve Together\mods\Welina-Dev\sound\.fmodfiles\welina voice\welina_hurt1.ogg
Debug: Encoded D:\SteamLibrary\steamapps\common\Don't Starve Together\mods\Welina-Dev\sound\.fmodfiles\welina voice\welina_hurt2.ogg
Debug: Encoded D:\SteamLibrary\steamapps\common\Don't Starve Together\mods\Welina-Dev\sound\.fmodfiles\welina voice\welina_hurt3.ogg
Debug: Encoded D:\SteamLibrary\steamapps\common\Don't Starve Together\mods\Welina-Dev\sound\.fmodfiles\welina voice\welina_pose.ogg
Debug: Encoded D:\SteamLibrary\steamapps\common\Don't Starve Together\mods\Welina-Dev\sound\.fmodfiles\welina voice\welina_sink.ogg
Debug: Encoded D:\SteamLibrary\steamapps\common\Don't Starve Together\mods\Welina-Dev\sound\.fmodfiles\welina voice\welina_sleepy.ogg
Debug: Encoded D:\SteamLibrary\steamapps\common\Don't Starve Together\mods\Welina-Dev\sound\.fmodfiles\welina\spray.ogg
Debug: Encoded D:\SteamLibrary\steamapps\common\Don't Starve Together\mods\Welina-Dev\sound\.fmodfiles\welina voice\welina_yawn.ogg
Debug: Writing FSB...
Debug: Finished building FSB
Debug: Caching sound file details for ''...
Debug: monkeyball\monkeyball-higher.ogg
Debug: welina\welina-ForkInTheRoad.ogg
Debug: Building 'cliff_shenanigans.fsb'
Debug: Encoded D:\SteamLibrary\steamapps\common\Don't Starve Together\mods\Welina-Dev\sound\.fmodfiles\welina\welina-ForkInTheRoad.ogg
Debug: Encoded D:\SteamLibrary\steamapps\common\Don't Starve Together\mods\Welina-Dev\sound\.fmodfiles\monkeyball\monkeyball-higher.ogg
Debug: Writing FSB...
Debug: Finished building FSB
Debug: Caching sound file details for ''...
Debug: welina\welina-bells2.ogg
Debug: welina\welina-finaltoll.ogg
Debug: Building '9lives.fsb'
Debug: Encoded D:\SteamLibrary\steamapps\common\Don't Starve Together\mods\Welina-Dev\sound\.fmodfiles\welina\welina-bells2.ogg
Debug: Encoded D:\SteamLibrary\steamapps\common\Don't Starve Together\mods\Welina-Dev\sound\.fmodfiles\welina\welina-finaltoll.ogg
Debug: Writing FSB...
Debug: Finished building FSB
Debug: Caching sound file details for ''...
Debug: lawnmower\lawnmower-Mower_Loop.ogg
Debug: lawnmower\lawnmower-Mower_Start.ogg
Debug: lawnmower\lawnmower-Mower_Stop.ogg
Debug: monkeyball\monkeyball-dontstarve_shipwreckedSFX-DSS_monkey_ball_bounce_01.ogg
Debug: monkeyball\monkeyball-dontstarve_shipwreckedSFX-DSS_monkey_ball_bounce_02.ogg
Debug: monkeyball\monkeyball-dontstarve_shipwreckedSFX-DSS_monkey_ball_bounce_03.ogg
Debug: monkeyball\monkeyball-dontstarve_shipwreckedSFX-DSS_monkey_ball_bounce_04.ogg
Debug: monkeyball\monkeyball-dontstarve_shipwreckedSFX-DSS_monkey_ball_bounce_05.ogg
Debug: monkeyball\monkeyball-dontstarve_shipwreckedSFX-DSS_monkey_ball_bounce_06.ogg
Debug: monkeyball\monkeyball-dontstarve_shipwreckedSFX-DSS_monkey_ball_bounce_07.ogg
Debug: monkeyball\monkeyball-dontstarve_shipwreckedSFX-DSS_monkey_ball_bounce_08.ogg
Debug: monkeyball\monkeyball-dontstarve_shipwreckedSFX-DSS_monkey_ball_bounce_09.ogg
Debug: monkeyball\monkeyball-dontstarve_shipwreckedSFX-DSS_monkey_ball_bounce_10.ogg
Debug: monkeyball\monkeyball-dontstarve_shipwreckedSFX-DSS_monkey_ball_bounce_11.ogg
Debug: monkeyball\monkeyball-dontstarve_shipwreckedSFX-DSS_monkey_ball_bounce_12.ogg
Debug: monkeyball\monkeyball-dontstarve_shipwreckedSFX-DSS_monkey_ball_bounce_13.ogg
Debug: monkeyball\monkeyball-dontstarve_shipwreckedSFX-DSS_monkey_ball_bounce_14.ogg
Debug: monkeyball\monkeyball-dontstarve_shipwreckedSFX-DSS_monkey_ball_bounce_15.ogg
Debug: monkeyball\monkeyball-dontstarve_shipwreckedSFX-DSS_monkey_ball_bounce_16.ogg
Debug: Building 'cattoy.fsb'
Debug: Encoded D:\SteamLibrary\steamapps\common\Don't Starve Together\mods\Welina-Dev\sound\.fmodfiles\lawnmower\lawnmower-Mower_Loop.ogg
Debug: Encoded D:\SteamLibrary\steamapps\common\Don't Starve Together\mods\Welina-Dev\sound\.fmodfiles\lawnmower\lawnmower-Mower_Start.ogg
Debug: Encoded D:\SteamLibrary\steamapps\common\Don't Starve Together\mods\Welina-Dev\sound\.fmodfiles\monkeyball\monkeyball-dontstarve_shipwreckedSFX-DSS_monkey_ball_bounce_01.ogg
Debug: Encoded D:\SteamLibrary\steamapps\common\Don't Starve Together\mods\Welina-Dev\sound\.fmodfiles\lawnmower\lawnmower-Mower_Stop.ogg
Debug: Encoded D:\SteamLibrary\steamapps\common\Don't Starve Together\mods\Welina-Dev\sound\.fmodfiles\monkeyball\monkeyball-dontstarve_shipwreckedSFX-DSS_monkey_ball_bounce_02.ogg
Debug: Encoded D:\SteamLibrary\steamapps\common\Don't Starve Together\mods\Welina-Dev\sound\.fmodfiles\monkeyball\monkeyball-dontstarve_shipwreckedSFX-DSS_monkey_ball_bounce_03.ogg
Debug: Encoded D:\SteamLibrary\steamapps\common\Don't Starve Together\mods\Welina-Dev\sound\.fmodfiles\monkeyball\monkeyball-dontstarve_shipwreckedSFX-DSS_monkey_ball_bounce_04.ogg
Debug: Encoded D:\SteamLibrary\steamapps\common\Don't Starve Together\mods\Welina-Dev\sound\.fmodfiles\monkeyball\monkeyball-dontstarve_shipwreckedSFX-DSS_monkey_ball_bounce_05.ogg
Debug: Encoded D:\SteamLibrary\steamapps\common\Don't Starve Together\mods\Welina-Dev\sound\.fmodfiles\monkeyball\monkeyball-dontstarve_shipwreckedSFX-DSS_monkey_ball_bounce_06.ogg
Debug: Encoded D:\SteamLibrary\steamapps\common\Don't Starve Together\mods\Welina-Dev\sound\.fmodfiles\monkeyball\monkeyball-dontstarve_shipwreckedSFX-DSS_monkey_ball_bounce_07.ogg
Debug: Encoded D:\SteamLibrary\steamapps\common\Don't Starve Together\mods\Welina-Dev\sound\.fmodfiles\monkeyball\monkeyball-dontstarve_shipwreckedSFX-DSS_monkey_ball_bounce_08.ogg
Debug: Encoded D:\SteamLibrary\steamapps\common\Don't Starve Together\mods\Welina-Dev\sound\.fmodfiles\monkeyball\monkeyball-dontstarve_shipwreckedSFX-DSS_monkey_ball_bounce_09.ogg
Debug: Encoded D:\SteamLibrary\steamapps\common\Don't Starve Together\mods\Welina-Dev\sound\.fmodfiles\monkeyball\monkeyball-dontstarve_shipwreckedSFX-DSS_monkey_ball_bounce_10.ogg
Debug: Encoded D:\SteamLibrary\steamapps\common\Don't Starve Together\mods\Welina-Dev\sound\.fmodfiles\monkeyball\monkeyball-dontstarve_shipwreckedSFX-DSS_monkey_ball_bounce_11.ogg
Debug: Encoded D:\SteamLibrary\steamapps\common\Don't Starve Together\mods\Welina-Dev\sound\.fmodfiles\monkeyball\monkeyball-dontstarve_shipwreckedSFX-DSS_monkey_ball_bounce_12.ogg
Debug: Encoded D:\SteamLibrary\steamapps\common\Don't Starve Together\mods\Welina-Dev\sound\.fmodfiles\monkeyball\monkeyball-dontstarve_shipwreckedSFX-DSS_monkey_ball_bounce_13.ogg
Debug: Encoded D:\SteamLibrary\steamapps\common\Don't Starve Together\mods\Welina-Dev\sound\.fmodfiles\monkeyball\monkeyball-dontstarve_shipwreckedSFX-DSS_monkey_ball_bounce_14.ogg
Debug: Encoded D:\SteamLibrary\steamapps\common\Don't Starve Together\mods\Welina-Dev\sound\.fmodfiles\monkeyball\monkeyball-dontstarve_shipwreckedSFX-DSS_monkey_ball_bounce_15.ogg
Debug: Encoded D:\SteamLibrary\steamapps\common\Don't Starve Together\mods\Welina-Dev\sound\.fmodfiles\monkeyball\monkeyball-dontstarve_shipwreckedSFX-DSS_monkey_ball_bounce_16.ogg
Debug: Writing FSB...
Debug: Finished building FSB
Debug: Caching sound file details for ''...
Debug: picksounds\boeing.wav
Debug: picksounds\collar.wav
Debug: picksounds\collar_equip.ogg
Debug: picksounds\dogtags.ogg
Debug: picksounds\glassbottle.ogg
Debug: picksounds\paintcan.ogg
Debug: Building 'pickups.fsb'
Debug: Encoded D:\SteamLibrary\steamapps\common\Don't Starve Together\mods\Welina-Dev\sound\.fmodfiles\picksounds\collar.wav
Debug: Encoded D:\SteamLibrary\steamapps\common\Don't Starve Together\mods\Welina-Dev\sound\.fmodfiles\picksounds\boeing.wav
Debug: Encoded D:\SteamLibrary\steamapps\common\Don't Starve Together\mods\Welina-Dev\sound\.fmodfiles\picksounds\dogtags.ogg
Debug: Encoded D:\SteamLibrary\steamapps\common\Don't Starve Together\mods\Welina-Dev\sound\.fmodfiles\picksounds\glassbottle.ogg
Debug: Encoded D:\SteamLibrary\steamapps\common\Don't Starve Together\mods\Welina-Dev\sound\.fmodfiles\picksounds\paintcan.ogg
Debug: Encoded D:\SteamLibrary\steamapps\common\Don't Starve Together\mods\Welina-Dev\sound\.fmodfiles\picksounds\collar_equip.ogg
Debug: Writing FSB...
Debug: Finished building FSB
Debug: Running post-build commands...
Debug: Running command '"D:\Users\cliff\Desktop\Klei Tools\Sound Tools\FMOD Designer\fmodtable\fmod_table.bat"  "D:\SteamLibrary\steamapps\common\Don't Starve Together\mods\Welina-Dev\sound/scotchmintz_characters.txt"'...
Debug: Success! Parameters are now exported as list values.
Debug: Command '"D:\Users\cliff\Desktop\Klei Tools\Sound Tools\FMOD Designer\fmodtable\fmod_table.bat"  "D:\SteamLibrary\steamapps\common\Don't Starve Together\mods\Welina-Dev\sound/scotchmintz_characters.txt"' completed successfully
Debug: 
Debug: 
Summary of build:
SUCCESS: D:/SteamLibrary/steamapps/common/Don't Starve Together/mods/Welina-Dev/sound/scotchmintz_characters.fev
SUCCESS: D:/SteamLibrary/steamapps/common/Don't Starve Together/mods/Welina-Dev/sound/scotchmintz_characters.txt
SUCCESS: welina.fsb
SUCCESS: cliff_shenanigans.fsb
SUCCESS: 9lives.fsb
SUCCESS: cattoy.fsb
SUCCESS: pickups.fsb
SUCCESS: Post-build commands
Debug: "23:56:22 ..\..\src\propertyeditor.cpp:4234 ER: Set Bank Type" 
Debug: "23:56:25 ..\..\src\propertyeditor.cpp:4234 ER: Set Bank Type" 
Debug: "23:57:00 c:\jk\workspace\build__4.44__designer_win\fmod4\tools\fmod_designer\src\bankform.ui.h:1123 AD: Move Sound File" 
Debug: "23:57:02 ..\..\src\propertyeditor.cpp:4234 ER: Set Bank Type" 
Debug: "23:57:28 ..\..\src\simpleeventcontroller.cpp:1388 IL: Set Bank" 
Debug: "23:57:28 ..\..\src\propertyeditor.cpp:1508 EM: Set Name" 
Debug: "23:57:50 ..\..\src\simpleeventcontroller.cpp:1388 IL: Set Bank" 
Debug: "23:57:50 ..\..\src\propertyeditor.cpp:1508 EM: Set Name" 
Debug: "23:57:57 ..\..\src\simpleeventcontroller.cpp:1388 IL: Set Bank" 
Debug: "23:57:57 ..\..\src\propertyeditor.cpp:1508 EM: Set Name" 
Debug: "23:58:02 c:\jk\workspace\build__4.44__designer_win\fmod4\tools\fmod_designer\src\bankform.ui.h:1123 AD: Move Sound File" 
Debug: "23:58:03 c:\jk\workspace\build__4.44__designer_win\fmod4\tools\fmod_designer\src\bankform.ui.h:1048 AC: Delete Soundbank" 
Debug: "23:58:03 ..\..\src\simpleeventcontroller.cpp:1388 IL: Set Bank" 
Debug: "23:58:19 c:\jk\workspace\build__4.44__designer_win\fmod4\tools\fmod_designer\src\bankform.ui.h:1123 AD: Move Sound File" 
Debug: "23:58:21 c:\jk\workspace\build__4.44__designer_win\fmod4\tools\fmod_designer\src\bankform.ui.h:1123 AD: Move Sound File" 
Debug: 
Building project 'scotchmintz_characters'...
Debug: Building project D:\SteamLibrary\steamapps\common\Don't Starve Together\mods\Welina-Dev\sound\scotchmintz_characters.fev...
Debug: Unique sound defs 3/26
Debug: Retrieving sound file info...
Debug: Retrieving reverb info...
Debug: FEV file written ok
Debug: Unique Envelope Points: 3 of 4
Debug: Unique Strings: 1015 characters of 1032
Debug: Building programmer report D:\SteamLibrary\steamapps\common\Don't Starve Together\mods\Welina-Dev\sound\scotchmintz_characters.txt...
Debug: Caching sound file details for ''...
Debug: welina voice\welina_carol.ogg
Debug: welina voice\welina_death.ogg
Debug: welina voice\welina_emote.ogg
Debug: welina voice\welina_generic1.ogg
Debug: welina voice\welina_generic10.ogg
Debug: welina voice\welina_generic11.ogg
Debug: welina voice\welina_generic2.ogg
Debug: welina voice\welina_generic3.ogg
Debug: welina voice\welina_generic4.ogg
Debug: welina voice\welina_generic5.ogg
Debug: welina voice\welina_generic6.ogg
Debug: welina voice\welina_generic7.ogg
Debug: welina voice\welina_generic8.ogg
Debug: welina voice\welina_generic9.ogg
Debug: welina voice\welina_ghost1.ogg
Debug: welina voice\welina_ghost2.ogg
Debug: welina voice\welina_ghost3.ogg
Debug: welina voice\welina_ghost4.ogg
Debug: welina voice\welina_ghost5.ogg
Debug: welina voice\welina_ghost6.ogg
Debug: welina voice\welina_hurt1.ogg
Debug: welina voice\welina_hurt2.ogg
Debug: welina voice\welina_hurt3.ogg
Debug: welina voice\welina_pose.ogg
Debug: welina voice\welina_sink.ogg
Debug: welina voice\welina_sleepy.ogg
Debug: welina voice\welina_yawn.ogg
Debug: Building 'welina.fsb'
Debug: Encoded D:\SteamLibrary\steamapps\common\Don't Starve Together\mods\Welina-Dev\sound\.fmodfiles\welina voice\welina_death.ogg
Debug: Encoded D:\SteamLibrary\steamapps\common\Don't Starve Together\mods\Welina-Dev\sound\.fmodfiles\welina voice\welina_carol.ogg
Debug: Encoded D:\SteamLibrary\steamapps\common\Don't Starve Together\mods\Welina-Dev\sound\.fmodfiles\welina voice\welina_emote.ogg
Debug: Encoded D:\SteamLibrary\steamapps\common\Don't Starve Together\mods\Welina-Dev\sound\.fmodfiles\welina voice\welina_generic1.ogg
Debug: Encoded D:\SteamLibrary\steamapps\common\Don't Starve Together\mods\Welina-Dev\sound\.fmodfiles\welina voice\welina_generic10.ogg
Debug: Encoded D:\SteamLibrary\steamapps\common\Don't Starve Together\mods\Welina-Dev\sound\.fmodfiles\welina voice\welina_generic11.ogg
Debug: Encoded D:\SteamLibrary\steamapps\common\Don't Starve Together\mods\Welina-Dev\sound\.fmodfiles\welina voice\welina_generic2.ogg
Debug: Encoded D:\SteamLibrary\steamapps\common\Don't Starve Together\mods\Welina-Dev\sound\.fmodfiles\welina voice\welina_generic3.ogg
Debug: Encoded D:\SteamLibrary\steamapps\common\Don't Starve Together\mods\Welina-Dev\sound\.fmodfiles\welina voice\welina_generic4.ogg
Debug: Encoded D:\SteamLibrary\steamapps\common\Don't Starve Together\mods\Welina-Dev\sound\.fmodfiles\welina voice\welina_generic5.ogg
Debug: Encoded D:\SteamLibrary\steamapps\common\Don't Starve Together\mods\Welina-Dev\sound\.fmodfiles\welina voice\welina_generic6.ogg
Debug: Encoded D:\SteamLibrary\steamapps\common\Don't Starve Together\mods\Welina-Dev\sound\.fmodfiles\welina voice\welina_generic8.ogg
Debug: Encoded D:\SteamLibrary\steamapps\common\Don't Starve Together\mods\Welina-Dev\sound\.fmodfiles\welina voice\welina_generic7.ogg
Debug: Encoded D:\SteamLibrary\steamapps\common\Don't Starve Together\mods\Welina-Dev\sound\.fmodfiles\welina voice\welina_generic9.ogg
Debug: Encoded D:\SteamLibrary\steamapps\common\Don't Starve Together\mods\Welina-Dev\sound\.fmodfiles\welina voice\welina_ghost1.ogg
Debug: Encoded D:\SteamLibrary\steamapps\common\Don't Starve Together\mods\Welina-Dev\sound\.fmodfiles\welina voice\welina_ghost2.ogg
Debug: Encoded D:\SteamLibrary\steamapps\common\Don't Starve Together\mods\Welina-Dev\sound\.fmodfiles\welina voice\welina_ghost3.ogg
Debug: Encoded D:\SteamLibrary\steamapps\common\Don't Starve Together\mods\Welina-Dev\sound\.fmodfiles\welina voice\welina_ghost4.ogg
Debug: Encoded D:\SteamLibrary\steamapps\common\Don't Starve Together\mods\Welina-Dev\sound\.fmodfiles\welina voice\welina_ghost5.ogg
Debug: Encoded D:\SteamLibrary\steamapps\common\Don't Starve Together\mods\Welina-Dev\sound\.fmodfiles\welina voice\welina_ghost6.ogg
Debug: Encoded D:\SteamLibrary\steamapps\common\Don't Starve Together\mods\Welina-Dev\sound\.fmodfiles\welina voice\welina_hurt1.ogg
Debug: Encoded D:\SteamLibrary\steamapps\common\Don't Starve Together\mods\Welina-Dev\sound\.fmodfiles\welina voice\welina_hurt2.ogg
Debug: Encoded D:\SteamLibrary\steamapps\common\Don't Starve Together\mods\Welina-Dev\sound\.fmodfiles\welina voice\welina_hurt3.ogg
Debug: Encoded D:\SteamLibrary\steamapps\common\Don't Starve Together\mods\Welina-Dev\sound\.fmodfiles\welina voice\welina_sink.ogg
Debug: Encoded D:\SteamLibrary\steamapps\common\Don't Starve Together\mods\Welina-Dev\sound\.fmodfiles\welina voice\welina_pose.ogg
Debug: Encoded D:\SteamLibrary\steamapps\common\Don't Starve Together\mods\Welina-Dev\sound\.fmodfiles\welina voice\welina_sleepy.ogg
Debug: Encoded D:\SteamLibrary\steamapps\common\Don't Starve Together\mods\Welina-Dev\sound\.fmodfiles\welina voice\welina_yawn.ogg
Debug: Writing FSB...
Debug: Finished building FSB
Debug: Caching sound file details for ''...
Debug: monkeyball\monkeyball-higher.ogg
Debug: welina\welina-ForkInTheRoad.ogg
Debug: welina\welina-bells2.ogg
Debug: Building 'welina_music.fsb'
Debug: Encoded D:\SteamLibrary\steamapps\common\Don't Starve Together\mods\Welina-Dev\sound\.fmodfiles\welina\welina-ForkInTheRoad.ogg
Debug: Encoded D:\SteamLibrary\steamapps\common\Don't Starve Together\mods\Welina-Dev\sound\.fmodfiles\monkeyball\monkeyball-higher.ogg
Debug: Encoded D:\SteamLibrary\steamapps\common\Don't Starve Together\mods\Welina-Dev\sound\.fmodfiles\welina\welina-bells2.ogg
Debug: Writing FSB...
Debug: Finished building FSB
Debug: Caching sound file details for ''...
Debug: lawnmower\lawnmower-Mower_Loop.ogg
Debug: lawnmower\lawnmower-Mower_Start.ogg
Debug: lawnmower\lawnmower-Mower_Stop.ogg
Debug: monkeyball\monkeyball-dontstarve_shipwreckedSFX-DSS_monkey_ball_bounce_01.ogg
Debug: monkeyball\monkeyball-dontstarve_shipwreckedSFX-DSS_monkey_ball_bounce_02.ogg
Debug: monkeyball\monkeyball-dontstarve_shipwreckedSFX-DSS_monkey_ball_bounce_03.ogg
Debug: monkeyball\monkeyball-dontstarve_shipwreckedSFX-DSS_monkey_ball_bounce_04.ogg
Debug: monkeyball\monkeyball-dontstarve_shipwreckedSFX-DSS_monkey_ball_bounce_05.ogg
Debug: monkeyball\monkeyball-dontstarve_shipwreckedSFX-DSS_monkey_ball_bounce_06.ogg
Debug: monkeyball\monkeyball-dontstarve_shipwreckedSFX-DSS_monkey_ball_bounce_07.ogg
Debug: monkeyball\monkeyball-dontstarve_shipwreckedSFX-DSS_monkey_ball_bounce_08.ogg
Debug: monkeyball\monkeyball-dontstarve_shipwreckedSFX-DSS_monkey_ball_bounce_09.ogg
Debug: monkeyball\monkeyball-dontstarve_shipwreckedSFX-DSS_monkey_ball_bounce_10.ogg
Debug: monkeyball\monkeyball-dontstarve_shipwreckedSFX-DSS_monkey_ball_bounce_11.ogg
Debug: monkeyball\monkeyball-dontstarve_shipwreckedSFX-DSS_monkey_ball_bounce_12.ogg
Debug: monkeyball\monkeyball-dontstarve_shipwreckedSFX-DSS_monkey_ball_bounce_13.ogg
Debug: monkeyball\monkeyball-dontstarve_shipwreckedSFX-DSS_monkey_ball_bounce_14.ogg
Debug: monkeyball\monkeyball-dontstarve_shipwreckedSFX-DSS_monkey_ball_bounce_15.ogg
Debug: monkeyball\monkeyball-dontstarve_shipwreckedSFX-DSS_monkey_ball_bounce_16.ogg
Debug: welina\spray.ogg
Debug: welina\welina-finaltoll.ogg
Debug: Building 'welina_sfx.fsb'
Debug: Encoded D:\SteamLibrary\steamapps\common\Don't Starve Together\mods\Welina-Dev\sound\.fmodfiles\lawnmower\lawnmower-Mower_Start.ogg
Debug: Encoded D:\SteamLibrary\steamapps\common\Don't Starve Together\mods\Welina-Dev\sound\.fmodfiles\lawnmower\lawnmower-Mower_Loop.ogg
Debug: Encoded D:\SteamLibrary\steamapps\common\Don't Starve Together\mods\Welina-Dev\sound\.fmodfiles\lawnmower\lawnmower-Mower_Stop.ogg
Debug: Encoded D:\SteamLibrary\steamapps\common\Don't Starve Together\mods\Welina-Dev\sound\.fmodfiles\monkeyball\monkeyball-dontstarve_shipwreckedSFX-DSS_monkey_ball_bounce_01.ogg
Debug: Encoded D:\SteamLibrary\steamapps\common\Don't Starve Together\mods\Welina-Dev\sound\.fmodfiles\monkeyball\monkeyball-dontstarve_shipwreckedSFX-DSS_monkey_ball_bounce_02.ogg
Debug: Encoded D:\SteamLibrary\steamapps\common\Don't Starve Together\mods\Welina-Dev\sound\.fmodfiles\monkeyball\monkeyball-dontstarve_shipwreckedSFX-DSS_monkey_ball_bounce_03.ogg
Debug: Encoded D:\SteamLibrary\steamapps\common\Don't Starve Together\mods\Welina-Dev\sound\.fmodfiles\monkeyball\monkeyball-dontstarve_shipwreckedSFX-DSS_monkey_ball_bounce_04.ogg
Debug: Encoded D:\SteamLibrary\steamapps\common\Don't Starve Together\mods\Welina-Dev\sound\.fmodfiles\monkeyball\monkeyball-dontstarve_shipwreckedSFX-DSS_monkey_ball_bounce_05.ogg
Debug: Encoded D:\SteamLibrary\steamapps\common\Don't Starve Together\mods\Welina-Dev\sound\.fmodfiles\monkeyball\monkeyball-dontstarve_shipwreckedSFX-DSS_monkey_ball_bounce_06.ogg
Debug: Encoded D:\SteamLibrary\steamapps\common\Don't Starve Together\mods\Welina-Dev\sound\.fmodfiles\monkeyball\monkeyball-dontstarve_shipwreckedSFX-DSS_monkey_ball_bounce_07.ogg
Debug: Encoded D:\SteamLibrary\steamapps\common\Don't Starve Together\mods\Welina-Dev\sound\.fmodfiles\monkeyball\monkeyball-dontstarve_shipwreckedSFX-DSS_monkey_ball_bounce_08.ogg
Debug: Encoded D:\SteamLibrary\steamapps\common\Don't Starve Together\mods\Welina-Dev\sound\.fmodfiles\monkeyball\monkeyball-dontstarve_shipwreckedSFX-DSS_monkey_ball_bounce_09.ogg
Debug: Encoded D:\SteamLibrary\steamapps\common\Don't Starve Together\mods\Welina-Dev\sound\.fmodfiles\monkeyball\monkeyball-dontstarve_shipwreckedSFX-DSS_monkey_ball_bounce_11.ogg
Debug: Encoded D:\SteamLibrary\steamapps\common\Don't Starve Together\mods\Welina-Dev\sound\.fmodfiles\monkeyball\monkeyball-dontstarve_shipwreckedSFX-DSS_monkey_ball_bounce_10.ogg
Debug: Encoded D:\SteamLibrary\steamapps\common\Don't Starve Together\mods\Welina-Dev\sound\.fmodfiles\monkeyball\monkeyball-dontstarve_shipwreckedSFX-DSS_monkey_ball_bounce_12.ogg
Debug: Encoded D:\SteamLibrary\steamapps\common\Don't Starve Together\mods\Welina-Dev\sound\.fmodfiles\monkeyball\monkeyball-dontstarve_shipwreckedSFX-DSS_monkey_ball_bounce_13.ogg
Debug: Encoded D:\SteamLibrary\steamapps\common\Don't Starve Together\mods\Welina-Dev\sound\.fmodfiles\monkeyball\monkeyball-dontstarve_shipwreckedSFX-DSS_monkey_ball_bounce_15.ogg
Debug: Encoded D:\SteamLibrary\steamapps\common\Don't Starve Together\mods\Welina-Dev\sound\.fmodfiles\monkeyball\monkeyball-dontstarve_shipwreckedSFX-DSS_monkey_ball_bounce_14.ogg
Debug: Encoded D:\SteamLibrary\steamapps\common\Don't Starve Together\mods\Welina-Dev\sound\.fmodfiles\monkeyball\monkeyball-dontstarve_shipwreckedSFX-DSS_monkey_ball_bounce_16.ogg
Debug: Encoded D:\SteamLibrary\steamapps\common\Don't Starve Together\mods\Welina-Dev\sound\.fmodfiles\welina\welina-finaltoll.ogg
Debug: Encoded D:\SteamLibrary\steamapps\common\Don't Starve Together\mods\Welina-Dev\sound\.fmodfiles\welina\spray.ogg
Debug: Writing FSB...
Debug: Finished building FSB
Debug: Caching sound file details for ''...
Debug: picksounds\boeing.wav
Debug: picksounds\collar.wav
Debug: picksounds\collar_equip.ogg
Debug: picksounds\dogtags.ogg
Debug: picksounds\glassbottle.ogg
Debug: picksounds\paintcan.ogg
Debug: Building 'pickup_sfx.fsb'
Debug: Encoded D:\SteamLibrary\steamapps\common\Don't Starve Together\mods\Welina-Dev\sound\.fmodfiles\picksounds\boeing.wav
Debug: Encoded D:\SteamLibrary\steamapps\common\Don't Starve Together\mods\Welina-Dev\sound\.fmodfiles\picksounds\collar.wav
Debug: Encoded D:\SteamLibrary\steamapps\common\Don't Starve Together\mods\Welina-Dev\sound\.fmodfiles\picksounds\collar_equip.ogg
Debug: Encoded D:\SteamLibrary\steamapps\common\Don't Starve Together\mods\Welina-Dev\sound\.fmodfiles\picksounds\dogtags.ogg
Debug: Encoded D:\SteamLibrary\steamapps\common\Don't Starve Together\mods\Welina-Dev\sound\.fmodfiles\picksounds\glassbottle.ogg
Debug: Encoded D:\SteamLibrary\steamapps\common\Don't Starve Together\mods\Welina-Dev\sound\.fmodfiles\picksounds\paintcan.ogg
Debug: Writing FSB...
Debug: Finished building FSB
Debug: Running post-build commands...
Debug: Running command '"D:\Users\cliff\Desktop\Klei Tools\Sound Tools\FMOD Designer\fmodtable\fmod_table.bat"  "D:\SteamLibrary\steamapps\common\Don't Starve Together\mods\Welina-Dev\sound/scotchmintz_characters.txt"'...
Debug: Success! Parameters are now exported as list values.
Debug: Command '"D:\Users\cliff\Desktop\Klei Tools\Sound Tools\FMOD Designer\fmodtable\fmod_table.bat"  "D:\SteamLibrary\steamapps\common\Don't Starve Together\mods\Welina-Dev\sound/scotchmintz_characters.txt"' completed successfully
Debug: 
Debug: 
Summary of build:
SUCCESS: D:/SteamLibrary/steamapps/common/Don't Starve Together/mods/Welina-Dev/sound/scotchmintz_characters.fev
SUCCESS: D:/SteamLibrary/steamapps/common/Don't Starve Together/mods/Welina-Dev/sound/scotchmintz_characters.txt
SUCCESS: welina.fsb
SUCCESS: welina_music.fsb
SUCCESS: welina_sfx.fsb
SUCCESS: pickup_sfx.fsb
SUCCESS: Post-build commands
Debug: "23:59:02 ..\..\src\simpleeventcontroller.cpp:1388 IL: Set Bank" 
Debug: "23:59:02 ..\..\src\propertyeditor.cpp:1508 EM: Set Name" 
Debug: 
Building project 'scotchmintz_characters'...
Debug: Building project D:\SteamLibrary\steamapps\common\Don't Starve Together\mods\Welina-Dev\sound\scotchmintz_characters.fev...
Debug: Unique sound defs 3/26
Debug: Retrieving sound file info...
Debug: Retrieving reverb info...
Debug: FEV file written ok
Debug: Unique Envelope Points: 3 of 4
Debug: Unique Strings: 1015 characters of 1032
Debug: Building programmer report D:\SteamLibrary\steamapps\common\Don't Starve Together\mods\Welina-Dev\sound\scotchmintz_characters.txt...
Debug: Caching sound file details for ''...
Debug: welina voice\welina_carol.ogg
Debug: welina voice\welina_death.ogg
Debug: welina voice\welina_emote.ogg
Debug: welina voice\welina_generic1.ogg
Debug: welina voice\welina_generic10.ogg
Debug: welina voice\welina_generic11.ogg
Debug: welina voice\welina_generic2.ogg
Debug: welina voice\welina_generic3.ogg
Debug: welina voice\welina_generic4.ogg
Debug: welina voice\welina_generic5.ogg
Debug: welina voice\welina_generic6.ogg
Debug: welina voice\welina_generic7.ogg
Debug: welina voice\welina_generic8.ogg
Debug: welina voice\welina_generic9.ogg
Debug: welina voice\welina_ghost1.ogg
Debug: welina voice\welina_ghost2.ogg
Debug: welina voice\welina_ghost3.ogg
Debug: welina voice\welina_ghost4.ogg
Debug: welina voice\welina_ghost5.ogg
Debug: welina voice\welina_ghost6.ogg
Debug: welina voice\welina_hurt1.ogg
Debug: welina voice\welina_hurt2.ogg
Debug: welina voice\welina_hurt3.ogg
Debug: welina voice\welina_pose.ogg
Debug: welina voice\welina_sink.ogg
Debug: welina voice\welina_sleepy.ogg
Debug: welina voice\welina_yawn.ogg
Debug: Building 'welina.fsb'
Debug: Encoded D:\SteamLibrary\steamapps\common\Don't Starve Together\mods\Welina-Dev\sound\.fmodfiles\welina voice\welina_carol.ogg
Debug: Encoded D:\SteamLibrary\steamapps\common\Don't Starve Together\mods\Welina-Dev\sound\.fmodfiles\welina voice\welina_death.ogg
Debug: Encoded D:\SteamLibrary\steamapps\common\Don't Starve Together\mods\Welina-Dev\sound\.fmodfiles\welina voice\welina_generic1.ogg
Debug: Encoded D:\SteamLibrary\steamapps\common\Don't Starve Together\mods\Welina-Dev\sound\.fmodfiles\welina voice\welina_emote.ogg
Debug: Encoded D:\SteamLibrary\steamapps\common\Don't Starve Together\mods\Welina-Dev\sound\.fmodfiles\welina voice\welina_generic10.ogg
Debug: Encoded D:\SteamLibrary\steamapps\common\Don't Starve Together\mods\Welina-Dev\sound\.fmodfiles\welina voice\welina_generic11.ogg
Debug: Encoded D:\SteamLibrary\steamapps\common\Don't Starve Together\mods\Welina-Dev\sound\.fmodfiles\welina voice\welina_generic2.ogg
Debug: Encoded D:\SteamLibrary\steamapps\common\Don't Starve Together\mods\Welina-Dev\sound\.fmodfiles\welina voice\welina_generic3.ogg
Debug: Encoded D:\SteamLibrary\steamapps\common\Don't Starve Together\mods\Welina-Dev\sound\.fmodfiles\welina voice\welina_generic4.ogg
Debug: Encoded D:\SteamLibrary\steamapps\common\Don't Starve Together\mods\Welina-Dev\sound\.fmodfiles\welina voice\welina_generic5.ogg
Debug: Encoded D:\SteamLibrary\steamapps\common\Don't Starve Together\mods\Welina-Dev\sound\.fmodfiles\welina voice\welina_generic6.ogg
Debug: Encoded D:\SteamLibrary\steamapps\common\Don't Starve Together\mods\Welina-Dev\sound\.fmodfiles\welina voice\welina_generic7.ogg
Debug: Encoded D:\SteamLibrary\steamapps\common\Don't Starve Together\mods\Welina-Dev\sound\.fmodfiles\welina voice\welina_generic8.ogg
Debug: Encoded D:\SteamLibrary\steamapps\common\Don't Starve Together\mods\Welina-Dev\sound\.fmodfiles\welina voice\welina_generic9.ogg
Debug: Encoded D:\SteamLibrary\steamapps\common\Don't Starve Together\mods\Welina-Dev\sound\.fmodfiles\welina voice\welina_ghost1.ogg
Debug: Encoded D:\SteamLibrary\steamapps\common\Don't Starve Together\mods\Welina-Dev\sound\.fmodfiles\welina voice\welina_ghost2.ogg
Debug: Encoded D:\SteamLibrary\steamapps\common\Don't Starve Together\mods\Welina-Dev\sound\.fmodfiles\welina voice\welina_ghost3.ogg
Debug: Encoded D:\SteamLibrary\steamapps\common\Don't Starve Together\mods\Welina-Dev\sound\.fmodfiles\welina voice\welina_ghost4.ogg
Debug: Encoded D:\SteamLibrary\steamapps\common\Don't Starve Together\mods\Welina-Dev\sound\.fmodfiles\welina voice\welina_ghost5.ogg
Debug: Encoded D:\SteamLibrary\steamapps\common\Don't Starve Together\mods\Welina-Dev\sound\.fmodfiles\welina voice\welina_ghost6.ogg
Debug: Encoded D:\SteamLibrary\steamapps\common\Don't Starve Together\mods\Welina-Dev\sound\.fmodfiles\welina voice\welina_hurt1.ogg
Debug: Encoded D:\SteamLibrary\steamapps\common\Don't Starve Together\mods\Welina-Dev\sound\.fmodfiles\welina voice\welina_hurt2.ogg
Debug: Encoded D:\SteamLibrary\steamapps\common\Don't Starve Together\mods\Welina-Dev\sound\.fmodfiles\welina voice\welina_hurt3.ogg
Debug: Encoded D:\SteamLibrary\steamapps\common\Don't Starve Together\mods\Welina-Dev\sound\.fmodfiles\welina voice\welina_pose.ogg
Debug: Encoded D:\SteamLibrary\steamapps\common\Don't Starve Together\mods\Welina-Dev\sound\.fmodfiles\welina voice\welina_sink.ogg
Debug: Encoded D:\SteamLibrary\steamapps\common\Don't Starve Together\mods\Welina-Dev\sound\.fmodfiles\welina voice\welina_sleepy.ogg
Debug: Encoded D:\SteamLibrary\steamapps\common\Don't Starve Together\mods\Welina-Dev\sound\.fmodfiles\welina voice\welina_yawn.ogg
Debug: Writing FSB...
Debug: Finished building FSB
Debug: Caching sound file details for ''...
Debug: monkeyball\monkeyball-higher.ogg
Debug: welina\welina-ForkInTheRoad.ogg
Debug: welina\welina-bells2.ogg
Debug: Building 'welina_music.fsb'
Debug: Encoded D:\SteamLibrary\steamapps\common\Don't Starve Together\mods\Welina-Dev\sound\.fmodfiles\welina\welina-ForkInTheRoad.ogg
Debug: Encoded D:\SteamLibrary\steamapps\common\Don't Starve Together\mods\Welina-Dev\sound\.fmodfiles\monkeyball\monkeyball-higher.ogg
Debug: Encoded D:\SteamLibrary\steamapps\common\Don't Starve Together\mods\Welina-Dev\sound\.fmodfiles\welina\welina-bells2.ogg
Debug: Writing FSB...
Debug: Finished building FSB
Debug: Caching sound file details for ''...
Debug: lawnmower\lawnmower-Mower_Loop.ogg
Debug: lawnmower\lawnmower-Mower_Start.ogg
Debug: lawnmower\lawnmower-Mower_Stop.ogg
Debug: monkeyball\monkeyball-dontstarve_shipwreckedSFX-DSS_monkey_ball_bounce_01.ogg
Debug: monkeyball\monkeyball-dontstarve_shipwreckedSFX-DSS_monkey_ball_bounce_02.ogg
Debug: monkeyball\monkeyball-dontstarve_shipwreckedSFX-DSS_monkey_ball_bounce_03.ogg
Debug: monkeyball\monkeyball-dontstarve_shipwreckedSFX-DSS_monkey_ball_bounce_04.ogg
Debug: monkeyball\monkeyball-dontstarve_shipwreckedSFX-DSS_monkey_ball_bounce_05.ogg
Debug: monkeyball\monkeyball-dontstarve_shipwreckedSFX-DSS_monkey_ball_bounce_06.ogg
Debug: monkeyball\monkeyball-dontstarve_shipwreckedSFX-DSS_monkey_ball_bounce_07.ogg
Debug: monkeyball\monkeyball-dontstarve_shipwreckedSFX-DSS_monkey_ball_bounce_08.ogg
Debug: monkeyball\monkeyball-dontstarve_shipwreckedSFX-DSS_monkey_ball_bounce_09.ogg
Debug: monkeyball\monkeyball-dontstarve_shipwreckedSFX-DSS_monkey_ball_bounce_10.ogg
Debug: monkeyball\monkeyball-dontstarve_shipwreckedSFX-DSS_monkey_ball_bounce_11.ogg
Debug: monkeyball\monkeyball-dontstarve_shipwreckedSFX-DSS_monkey_ball_bounce_12.ogg
Debug: monkeyball\monkeyball-dontstarve_shipwreckedSFX-DSS_monkey_ball_bounce_13.ogg
Debug: monkeyball\monkeyball-dontstarve_shipwreckedSFX-DSS_monkey_ball_bounce_14.ogg
Debug: monkeyball\monkeyball-dontstarve_shipwreckedSFX-DSS_monkey_ball_bounce_15.ogg
Debug: monkeyball\monkeyball-dontstarve_shipwreckedSFX-DSS_monkey_ball_bounce_16.ogg
Debug: welina\spray.ogg
Debug: welina\welina-finaltoll.ogg
Debug: Building 'welina_sfx.fsb'
Debug: Encoded D:\SteamLibrary\steamapps\common\Don't Starve Together\mods\Welina-Dev\sound\.fmodfiles\lawnmower\lawnmower-Mower_Loop.ogg
Debug: Encoded D:\SteamLibrary\steamapps\common\Don't Starve Together\mods\Welina-Dev\sound\.fmodfiles\lawnmower\lawnmower-Mower_Start.ogg
Debug: Encoded D:\SteamLibrary\steamapps\common\Don't Starve Together\mods\Welina-Dev\sound\.fmodfiles\lawnmower\lawnmower-Mower_Stop.ogg
Debug: Encoded D:\SteamLibrary\steamapps\common\Don't Starve Together\mods\Welina-Dev\sound\.fmodfiles\monkeyball\monkeyball-dontstarve_shipwreckedSFX-DSS_monkey_ball_bounce_01.ogg
Debug: Encoded D:\SteamLibrary\steamapps\common\Don't Starve Together\mods\Welina-Dev\sound\.fmodfiles\monkeyball\monkeyball-dontstarve_shipwreckedSFX-DSS_monkey_ball_bounce_02.ogg
Debug: Encoded D:\SteamLibrary\steamapps\common\Don't Starve Together\mods\Welina-Dev\sound\.fmodfiles\monkeyball\monkeyball-dontstarve_shipwreckedSFX-DSS_monkey_ball_bounce_03.ogg
Debug: Encoded D:\SteamLibrary\steamapps\common\Don't Starve Together\mods\Welina-Dev\sound\.fmodfiles\monkeyball\monkeyball-dontstarve_shipwreckedSFX-DSS_monkey_ball_bounce_05.ogg
Debug: Encoded D:\SteamLibrary\steamapps\common\Don't Starve Together\mods\Welina-Dev\sound\.fmodfiles\monkeyball\monkeyball-dontstarve_shipwreckedSFX-DSS_monkey_ball_bounce_04.ogg
Debug: Encoded D:\SteamLibrary\steamapps\common\Don't Starve Together\mods\Welina-Dev\sound\.fmodfiles\monkeyball\monkeyball-dontstarve_shipwreckedSFX-DSS_monkey_ball_bounce_07.ogg
Debug: Encoded D:\SteamLibrary\steamapps\common\Don't Starve Together\mods\Welina-Dev\sound\.fmodfiles\monkeyball\monkeyball-dontstarve_shipwreckedSFX-DSS_monkey_ball_bounce_06.ogg
Debug: Encoded D:\SteamLibrary\steamapps\common\Don't Starve Together\mods\Welina-Dev\sound\.fmodfiles\monkeyball\monkeyball-dontstarve_shipwreckedSFX-DSS_monkey_ball_bounce_09.ogg
Debug: Encoded D:\SteamLibrary\steamapps\common\Don't Starve Together\mods\Welina-Dev\sound\.fmodfiles\monkeyball\monkeyball-dontstarve_shipwreckedSFX-DSS_monkey_ball_bounce_08.ogg
Debug: Encoded D:\SteamLibrary\steamapps\common\Don't Starve Together\mods\Welina-Dev\sound\.fmodfiles\monkeyball\monkeyball-dontstarve_shipwreckedSFX-DSS_monkey_ball_bounce_11.ogg
Debug: Encoded D:\SteamLibrary\steamapps\common\Don't Starve Together\mods\Welina-Dev\sound\.fmodfiles\monkeyball\monkeyball-dontstarve_shipwreckedSFX-DSS_monkey_ball_bounce_10.ogg
Debug: Encoded D:\SteamLibrary\steamapps\common\Don't Starve Together\mods\Welina-Dev\sound\.fmodfiles\monkeyball\monkeyball-dontstarve_shipwreckedSFX-DSS_monkey_ball_bounce_12.ogg
Debug: Encoded D:\SteamLibrary\steamapps\common\Don't Starve Together\mods\Welina-Dev\sound\.fmodfiles\monkeyball\monkeyball-dontstarve_shipwreckedSFX-DSS_monkey_ball_bounce_13.ogg
Debug: Encoded D:\SteamLibrary\steamapps\common\Don't Starve Together\mods\Welina-Dev\sound\.fmodfiles\monkeyball\monkeyball-dontstarve_shipwreckedSFX-DSS_monkey_ball_bounce_15.ogg
Debug: Encoded D:\SteamLibrary\steamapps\common\Don't Starve Together\mods\Welina-Dev\sound\.fmodfiles\monkeyball\monkeyball-dontstarve_shipwreckedSFX-DSS_monkey_ball_bounce_14.ogg
Debug: Encoded D:\SteamLibrary\steamapps\common\Don't Starve Together\mods\Welina-Dev\sound\.fmodfiles\welina\spray.ogg
Debug: Encoded D:\SteamLibrary\steamapps\common\Don't Starve Together\mods\Welina-Dev\sound\.fmodfiles\monkeyball\monkeyball-dontstarve_shipwreckedSFX-DSS_monkey_ball_bounce_16.ogg
Debug: Encoded D:\SteamLibrary\steamapps\common\Don't Starve Together\mods\Welina-Dev\sound\.fmodfiles\welina\welina-finaltoll.ogg
Debug: Writing FSB...
Debug: Finished building FSB
Debug: Caching sound file details for ''...
Debug: picksounds\boeing.wav
Debug: picksounds\collar.wav
Debug: picksounds\collar_equip.ogg
Debug: picksounds\dogtags.ogg
Debug: picksounds\glassbottle.ogg
Debug: picksounds\paintcan.ogg
Debug: Building 'welina_pickup_sfx.fsb'
Debug: Encoded D:\SteamLibrary\steamapps\common\Don't Starve Together\mods\Welina-Dev\sound\.fmodfiles\picksounds\boeing.wav
Debug: Encoded D:\SteamLibrary\steamapps\common\Don't Starve Together\mods\Welina-Dev\sound\.fmodfiles\picksounds\collar.wav
Debug: Encoded D:\SteamLibrary\steamapps\common\Don't Starve Together\mods\Welina-Dev\sound\.fmodfiles\picksounds\collar_equip.ogg
Debug: Encoded D:\SteamLibrary\steamapps\common\Don't Starve Together\mods\Welina-Dev\sound\.fmodfiles\picksounds\dogtags.ogg
Debug: Encoded D:\SteamLibrary\steamapps\common\Don't Starve Together\mods\Welina-Dev\sound\.fmodfiles\picksounds\glassbottle.ogg
Debug: Encoded D:\SteamLibrary\steamapps\common\Don't Starve Together\mods\Welina-Dev\sound\.fmodfiles\picksounds\paintcan.ogg
Debug: Writing FSB...
Debug: Finished building FSB
Debug: Running post-build commands...
Debug: Running command '"D:\Users\cliff\Desktop\Klei Tools\Sound Tools\FMOD Designer\fmodtable\fmod_table.bat"  "D:\SteamLibrary\steamapps\common\Don't Starve Together\mods\Welina-Dev\sound/scotchmintz_characters.txt"'...
Debug: Success! Parameters are now exported as list values.
Debug: Command '"D:\Users\cliff\Desktop\Klei Tools\Sound Tools\FMOD Designer\fmodtable\fmod_table.bat"  "D:\SteamLibrary\steamapps\common\Don't Starve Together\mods\Welina-Dev\sound/scotchmintz_characters.txt"' completed successfully
Debug: 
Debug: 
Summary of build:
SUCCESS: D:/SteamLibrary/steamapps/common/Don't Starve Together/mods/Welina-Dev/sound/scotchmintz_characters.fev
SUCCESS: D:/SteamLibrary/steamapps/common/Don't Starve Together/mods/Welina-Dev/sound/scotchmintz_characters.txt
SUCCESS: welina.fsb
SUCCESS: welina_music.fsb
SUCCESS: welina_sfx.fsb
SUCCESS: welina_pickup_sfx.fsb
SUCCESS: Post-build commands
Debug: 
Building project 'scotchmintz_characters'...
Debug: Building project D:\SteamLibrary\steamapps\common\Don't Starve Together\mods\Welina-Dev\sound\scotchmintz_characters.fev...
Debug: Unique sound defs 3/26
Debug: Retrieving sound file info...
Debug: Retrieving reverb info...
Debug: FEV file written ok
Debug: Unique Envelope Points: 3 of 4
Debug: Unique Strings: 1015 characters of 1032
Debug: Building programmer report D:\SteamLibrary\steamapps\common\Don't Starve Together\mods\Welina-Dev\sound\scotchmintz_characters.txt...
Debug: Caching sound file details for ''...
Debug: welina voice\welina_carol.ogg
Debug: welina voice\welina_death.ogg
Debug: welina voice\welina_emote.ogg
Debug: welina voice\welina_generic1.ogg
Debug: welina voice\welina_generic10.ogg
Debug: welina voice\welina_generic11.ogg
Debug: welina voice\welina_generic2.ogg
Debug: welina voice\welina_generic3.ogg
Debug: welina voice\welina_generic4.ogg
Debug: welina voice\welina_generic5.ogg
Debug: welina voice\welina_generic6.ogg
Debug: welina voice\welina_generic7.ogg
Debug: welina voice\welina_generic8.ogg
Debug: welina voice\welina_generic9.ogg
Debug: welina voice\welina_ghost1.ogg
Debug: welina voice\welina_ghost2.ogg
Debug: welina voice\welina_ghost3.ogg
Debug: welina voice\welina_ghost4.ogg
Debug: welina voice\welina_ghost5.ogg
Debug: welina voice\welina_ghost6.ogg
Debug: welina voice\welina_hurt1.ogg
Debug: welina voice\welina_hurt2.ogg
Debug: welina voice\welina_hurt3.ogg
Debug: welina voice\welina_pose.ogg
Debug: welina voice\welina_sink.ogg
Debug: welina voice\welina_sleepy.ogg
Debug: welina voice\welina_yawn.ogg
Debug: Building 'welina.fsb'
Debug: Encoded D:\SteamLibrary\steamapps\common\Don't Starve Together\mods\Welina-Dev\sound\.fmodfiles\welina voice\welina_death.ogg
Debug: Encoded D:\SteamLibrary\steamapps\common\Don't Starve Together\mods\Welina-Dev\sound\.fmodfiles\welina voice\welina_carol.ogg
Debug: Encoded D:\SteamLibrary\steamapps\common\Don't Starve Together\mods\Welina-Dev\sound\.fmodfiles\welina voice\welina_generic1.ogg
Debug: Encoded D:\SteamLibrary\steamapps\common\Don't Starve Together\mods\Welina-Dev\sound\.fmodfiles\welina voice\welina_emote.ogg
Debug: Encoded D:\SteamLibrary\steamapps\common\Don't Starve Together\mods\Welina-Dev\sound\.fmodfiles\welina voice\welina_generic10.ogg
Debug: Encoded D:\SteamLibrary\steamapps\common\Don't Starve Together\mods\Welina-Dev\sound\.fmodfiles\welina voice\welina_generic11.ogg
Debug: Encoded D:\SteamLibrary\steamapps\common\Don't Starve Together\mods\Welina-Dev\sound\.fmodfiles\welina voice\welina_generic2.ogg
Debug: Encoded D:\SteamLibrary\steamapps\common\Don't Starve Together\mods\Welina-Dev\sound\.fmodfiles\welina voice\welina_generic3.ogg
Debug: Encoded D:\SteamLibrary\steamapps\common\Don't Starve Together\mods\Welina-Dev\sound\.fmodfiles\welina voice\welina_generic4.ogg
Debug: Encoded D:\SteamLibrary\steamapps\common\Don't Starve Together\mods\Welina-Dev\sound\.fmodfiles\welina voice\welina_generic5.ogg
Debug: Encoded D:\SteamLibrary\steamapps\common\Don't Starve Together\mods\Welina-Dev\sound\.fmodfiles\welina voice\welina_generic6.ogg
Debug: Encoded D:\SteamLibrary\steamapps\common\Don't Starve Together\mods\Welina-Dev\sound\.fmodfiles\welina voice\welina_generic7.ogg
Debug: Encoded D:\SteamLibrary\steamapps\common\Don't Starve Together\mods\Welina-Dev\sound\.fmodfiles\welina voice\welina_generic8.ogg
Debug: Encoded D:\SteamLibrary\steamapps\common\Don't Starve Together\mods\Welina-Dev\sound\.fmodfiles\welina voice\welina_generic9.ogg
Debug: Encoded D:\SteamLibrary\steamapps\common\Don't Starve Together\mods\Welina-Dev\sound\.fmodfiles\welina voice\welina_ghost1.ogg
Debug: Encoded D:\SteamLibrary\steamapps\common\Don't Starve Together\mods\Welina-Dev\sound\.fmodfiles\welina voice\welina_ghost2.ogg
Debug: Encoded D:\SteamLibrary\steamapps\common\Don't Starve Together\mods\Welina-Dev\sound\.fmodfiles\welina voice\welina_ghost4.ogg
Debug: Encoded D:\SteamLibrary\steamapps\common\Don't Starve Together\mods\Welina-Dev\sound\.fmodfiles\welina voice\welina_ghost3.ogg
Debug: Encoded D:\SteamLibrary\steamapps\common\Don't Starve Together\mods\Welina-Dev\sound\.fmodfiles\welina voice\welina_ghost5.ogg
Debug: Encoded D:\SteamLibrary\steamapps\common\Don't Starve Together\mods\Welina-Dev\sound\.fmodfiles\welina voice\welina_ghost6.ogg
Debug: Encoded D:\SteamLibrary\steamapps\common\Don't Starve Together\mods\Welina-Dev\sound\.fmodfiles\welina voice\welina_hurt1.ogg
Debug: Encoded D:\SteamLibrary\steamapps\common\Don't Starve Together\mods\Welina-Dev\sound\.fmodfiles\welina voice\welina_hurt3.ogg
Debug: Encoded D:\SteamLibrary\steamapps\common\Don't Starve Together\mods\Welina-Dev\sound\.fmodfiles\welina voice\welina_hurt2.ogg
Debug: Encoded D:\SteamLibrary\steamapps\common\Don't Starve Together\mods\Welina-Dev\sound\.fmodfiles\welina voice\welina_pose.ogg
Debug: Encoded D:\SteamLibrary\steamapps\common\Don't Starve Together\mods\Welina-Dev\sound\.fmodfiles\welina voice\welina_sink.ogg
Debug: Encoded D:\SteamLibrary\steamapps\common\Don't Starve Together\mods\Welina-Dev\sound\.fmodfiles\welina voice\welina_sleepy.ogg
Debug: Encoded D:\SteamLibrary\steamapps\common\Don't Starve Together\mods\Welina-Dev\sound\.fmodfiles\welina voice\welina_yawn.ogg
Debug: Writing FSB...
Debug: Finished building FSB
Debug: Caching sound file details for ''...
Debug: monkeyball\monkeyball-higher.ogg
Debug: welina\welina-ForkInTheRoad.ogg
Debug: welina\welina-bells2.ogg
Debug: Building 'welina_music.fsb'
Debug: Encoded D:\SteamLibrary\steamapps\common\Don't Starve Together\mods\Welina-Dev\sound\.fmodfiles\monkeyball\monkeyball-higher.ogg
Debug: Encoded D:\SteamLibrary\steamapps\common\Don't Starve Together\mods\Welina-Dev\sound\.fmodfiles\welina\welina-ForkInTheRoad.ogg
Debug: Encoded D:\SteamLibrary\steamapps\common\Don't Starve Together\mods\Welina-Dev\sound\.fmodfiles\welina\welina-bells2.ogg
Debug: Writing FSB...
Debug: Finished building FSB
Debug: Caching sound file details for ''...
Debug: lawnmower\lawnmower-Mower_Loop.ogg
Debug: lawnmower\lawnmower-Mower_Start.ogg
Debug: lawnmower\lawnmower-Mower_Stop.ogg
Debug: monkeyball\monkeyball-dontstarve_shipwreckedSFX-DSS_monkey_ball_bounce_01.ogg
Debug: monkeyball\monkeyball-dontstarve_shipwreckedSFX-DSS_monkey_ball_bounce_02.ogg
Debug: monkeyball\monkeyball-dontstarve_shipwreckedSFX-DSS_monkey_ball_bounce_03.ogg
Debug: monkeyball\monkeyball-dontstarve_shipwreckedSFX-DSS_monkey_ball_bounce_04.ogg
Debug: monkeyball\monkeyball-dontstarve_shipwreckedSFX-DSS_monkey_ball_bounce_05.ogg
Debug: monkeyball\monkeyball-dontstarve_shipwreckedSFX-DSS_monkey_ball_bounce_06.ogg
Debug: monkeyball\monkeyball-dontstarve_shipwreckedSFX-DSS_monkey_ball_bounce_07.ogg
Debug: monkeyball\monkeyball-dontstarve_shipwreckedSFX-DSS_monkey_ball_bounce_08.ogg
Debug: monkeyball\monkeyball-dontstarve_shipwreckedSFX-DSS_monkey_ball_bounce_09.ogg
Debug: monkeyball\monkeyball-dontstarve_shipwreckedSFX-DSS_monkey_ball_bounce_10.ogg
Debug: monkeyball\monkeyball-dontstarve_shipwreckedSFX-DSS_monkey_ball_bounce_11.ogg
Debug: monkeyball\monkeyball-dontstarve_shipwreckedSFX-DSS_monkey_ball_bounce_12.ogg
Debug: monkeyball\monkeyball-dontstarve_shipwreckedSFX-DSS_monkey_ball_bounce_13.ogg
Debug: monkeyball\monkeyball-dontstarve_shipwreckedSFX-DSS_monkey_ball_bounce_14.ogg
Debug: monkeyball\monkeyball-dontstarve_shipwreckedSFX-DSS_monkey_ball_bounce_15.ogg
Debug: monkeyball\monkeyball-dontstarve_shipwreckedSFX-DSS_monkey_ball_bounce_16.ogg
Debug: welina\spray.ogg
Debug: welina\welina-finaltoll.ogg
Debug: Building 'welina_sfx.fsb'
Debug: Encoded D:\SteamLibrary\steamapps\common\Don't Starve Together\mods\Welina-Dev\sound\.fmodfiles\lawnmower\lawnmower-Mower_Loop.ogg
Debug: Encoded D:\SteamLibrary\steamapps\common\Don't Starve Together\mods\Welina-Dev\sound\.fmodfiles\lawnmower\lawnmower-Mower_Start.ogg
Debug: Encoded D:\SteamLibrary\steamapps\common\Don't Starve Together\mods\Welina-Dev\sound\.fmodfiles\lawnmower\lawnmower-Mower_Stop.ogg
Debug: Encoded D:\SteamLibrary\steamapps\common\Don't Starve Together\mods\Welina-Dev\sound\.fmodfiles\monkeyball\monkeyball-dontstarve_shipwreckedSFX-DSS_monkey_ball_bounce_01.ogg
Debug: Encoded D:\SteamLibrary\steamapps\common\Don't Starve Together\mods\Welina-Dev\sound\.fmodfiles\monkeyball\monkeyball-dontstarve_shipwreckedSFX-DSS_monkey_ball_bounce_02.ogg
Debug: Encoded D:\SteamLibrary\steamapps\common\Don't Starve Together\mods\Welina-Dev\sound\.fmodfiles\monkeyball\monkeyball-dontstarve_shipwreckedSFX-DSS_monkey_ball_bounce_03.ogg
Debug: Encoded D:\SteamLibrary\steamapps\common\Don't Starve Together\mods\Welina-Dev\sound\.fmodfiles\monkeyball\monkeyball-dontstarve_shipwreckedSFX-DSS_monkey_ball_bounce_04.ogg
Debug: Encoded D:\SteamLibrary\steamapps\common\Don't Starve Together\mods\Welina-Dev\sound\.fmodfiles\monkeyball\monkeyball-dontstarve_shipwreckedSFX-DSS_monkey_ball_bounce_05.ogg
Debug: Encoded D:\SteamLibrary\steamapps\common\Don't Starve Together\mods\Welina-Dev\sound\.fmodfiles\monkeyball\monkeyball-dontstarve_shipwreckedSFX-DSS_monkey_ball_bounce_06.ogg
Debug: Encoded D:\SteamLibrary\steamapps\common\Don't Starve Together\mods\Welina-Dev\sound\.fmodfiles\monkeyball\monkeyball-dontstarve_shipwreckedSFX-DSS_monkey_ball_bounce_07.ogg
Debug: Encoded D:\SteamLibrary\steamapps\common\Don't Starve Together\mods\Welina-Dev\sound\.fmodfiles\monkeyball\monkeyball-dontstarve_shipwreckedSFX-DSS_monkey_ball_bounce_08.ogg
Debug: Encoded D:\SteamLibrary\steamapps\common\Don't Starve Together\mods\Welina-Dev\sound\.fmodfiles\monkeyball\monkeyball-dontstarve_shipwreckedSFX-DSS_monkey_ball_bounce_09.ogg
Debug: Encoded D:\SteamLibrary\steamapps\common\Don't Starve Together\mods\Welina-Dev\sound\.fmodfiles\monkeyball\monkeyball-dontstarve_shipwreckedSFX-DSS_monkey_ball_bounce_11.ogg
Debug: Encoded D:\SteamLibrary\steamapps\common\Don't Starve Together\mods\Welina-Dev\sound\.fmodfiles\monkeyball\monkeyball-dontstarve_shipwreckedSFX-DSS_monkey_ball_bounce_10.ogg
Debug: Encoded D:\SteamLibrary\steamapps\common\Don't Starve Together\mods\Welina-Dev\sound\.fmodfiles\monkeyball\monkeyball-dontstarve_shipwreckedSFX-DSS_monkey_ball_bounce_13.ogg
Debug: Encoded D:\SteamLibrary\steamapps\common\Don't Starve Together\mods\Welina-Dev\sound\.fmodfiles\monkeyball\monkeyball-dontstarve_shipwreckedSFX-DSS_monkey_ball_bounce_12.ogg
Debug: Encoded D:\SteamLibrary\steamapps\common\Don't Starve Together\mods\Welina-Dev\sound\.fmodfiles\monkeyball\monkeyball-dontstarve_shipwreckedSFX-DSS_monkey_ball_bounce_15.ogg
Debug: Encoded D:\SteamLibrary\steamapps\common\Don't Starve Together\mods\Welina-Dev\sound\.fmodfiles\monkeyball\monkeyball-dontstarve_shipwreckedSFX-DSS_monkey_ball_bounce_14.ogg
Debug: Encoded D:\SteamLibrary\steamapps\common\Don't Starve Together\mods\Welina-Dev\sound\.fmodfiles\monkeyball\monkeyball-dontstarve_shipwreckedSFX-DSS_monkey_ball_bounce_16.ogg
Debug: Encoded D:\SteamLibrary\steamapps\common\Don't Starve Together\mods\Welina-Dev\sound\.fmodfiles\welina\spray.ogg
Debug: Encoded D:\SteamLibrary\steamapps\common\Don't Starve Together\mods\Welina-Dev\sound\.fmodfiles\welina\welina-finaltoll.ogg
Debug: Writing FSB...
Debug: Finished building FSB
Debug: Caching sound file details for ''...
Debug: picksounds\boeing.wav
Debug: picksounds\collar.wav
Debug: picksounds\collar_equip.ogg
Debug: picksounds\dogtags.ogg
Debug: picksounds\glassbottle.ogg
Debug: picksounds\paintcan.ogg
Debug: Building 'welina_pickup_sfx.fsb'
Debug: Encoded D:\SteamLibrary\steamapps\common\Don't Starve Together\mods\Welina-Dev\sound\.fmodfiles\picksounds\collar.wav
Debug: Encoded D:\SteamLibrary\steamapps\common\Don't Starve Together\mods\Welina-Dev\sound\.fmodfiles\picksounds\boeing.wav
Debug: Encoded D:\SteamLibrary\steamapps\common\Don't Starve Together\mods\Welina-Dev\sound\.fmodfiles\picksounds\dogtags.ogg
Debug: Encoded D:\SteamLibrary\steamapps\common\Don't Starve Together\mods\Welina-Dev\sound\.fmodfiles\picksounds\collar_equip.ogg
Debug: Encoded D:\SteamLibrary\steamapps\common\Don't Starve Together\mods\Welina-Dev\sound\.fmodfiles\picksounds\paintcan.ogg
Debug: Encoded D:\SteamLibrary\steamapps\common\Don't Starve Together\mods\Welina-Dev\sound\.fmodfiles\picksounds\glassbottle.ogg
Debug: Writing FSB...
Debug: Finished building FSB
Debug: Running post-build commands...
Debug: Running command '"D:\Users\cliff\Desktop\Klei Tools\Sound Tools\FMOD Designer\fmodtable\fmod_table.bat"  "D:\SteamLibrary\steamapps\common\Don't Starve Together\mods\Welina-Dev\sound/scotchmintz_characters.txt"'...
Debug: Success! Parameters are now exported as list values.
Debug: Command '"D:\Users\cliff\Desktop\Klei Tools\Sound Tools\FMOD Designer\fmodtable\fmod_table.bat"  "D:\SteamLibrary\steamapps\common\Don't Starve Together\mods\Welina-Dev\sound/scotchmintz_characters.txt"' completed successfully
Debug: 
Debug: 
Summary of build:
SUCCESS: D:/SteamLibrary/steamapps/common/Don't Starve Together/mods/Welina-Dev/sound/scotchmintz_characters.fev
SUCCESS: D:/SteamLibrary/steamapps/common/Don't Starve Together/mods/Welina-Dev/sound/scotchmintz_characters.txt
SUCCESS: welina.fsb
SUCCESS: welina_music.fsb
SUCCESS: welina_sfx.fsb
SUCCESS: welina_pickup_sfx.fsb
SUCCESS: Post-build commands
